<?xml version="1.0" encoding="UTF-8"?>
<!-- Generated by org.testng.reporters.JUnitReportReporter -->
<testsuite hostname="DESKTOP-MOA5BMG" failures="0" tests="3" name="testng.Sample" time="34.663" errors="0" timestamp="2022-09-06T17:14:42 IST" skipped="0">
  <testcase classname="testng.Sample" name="demo" time="12.984"/>
  <system-out/>
  <testcase classname="testng.Sample" name="demo" time="9.636"/>
  <system-out/>
  <testcase classname="testng.Sample" name="demo" time="12.043"/>
  <system-out/>
</testsuite> <!-- testng.Sample -->
