<?xml version="1.0" encoding="UTF-8"?>
<!-- Generated by org.testng.reporters.JUnitReportReporter -->
<testsuite hostname="DESKTOP-MOA5BMG" failures="0" tests="1" name="testng.TestCase2" time="7.839" errors="0" timestamp="2022-09-06T15:54:30 IST" skipped="0">
  <testcase classname="testng.TestCase2" name="forgotpassword" time="7.839"/>
  <system-out>
    <![CDATA[Forgotten Password | Can't Log In | Facebook
https://www.facebook.com/login/identify/?ctx=recover&ars=facebook_login&from_login_screen=0]]>
  </system-out>
</testsuite> <!-- testng.TestCase2 -->
