<?xml version="1.0" encoding="UTF-8"?>
<!-- Generated by org.testng.reporters.JUnitReportReporter -->
<testsuite hostname="DESKTOP-MOA5BMG" failures="0" tests="9" name="testng.Test3" time="0.018" errors="0" timestamp="2022-09-02T16:28:53 IST" skipped="1">
  <testcase classname="testng.Test3" name="chats" time="0.001"/>
  <system-out>
    <![CDATA[chats]]>
  </system-out>
  <testcase classname="testng.Test3" name="chats" time="0.001"/>
  <system-out>
    <![CDATA[chats]]>
  </system-out>
  <testcase classname="testng.Test3" name="chats" time="0.010"/>
  <system-out>
    <![CDATA[chats]]>
  </system-out>
  <testcase classname="testng.Test3" name="calls" time="0.001"/>
  <system-out>
    <![CDATA[calls]]>
  </system-out>
  <testcase classname="testng.Test3" name="calls" time="0.001"/>
  <system-out>
    <![CDATA[calls]]>
  </system-out>
  <testcase classname="testng.Test3" name="calls" time="0.001"/>
  <system-out>
    <![CDATA[calls]]>
  </system-out>
  <testcase classname="testng.Test3" name="calls" time="0.001"/>
  <system-out>
    <![CDATA[calls]]>
  </system-out>
  <testcase classname="testng.Test3" name="calls" time="0.002"/>
  <system-out>
    <![CDATA[calls]]>
  </system-out>
  <testcase classname="testng.Test3" name="settings">
    <skipped/>
  </testcase> <!-- settings -->
  <system-out/>
</testsuite> <!-- testng.Test3 -->
