<?xml version="1.0" encoding="UTF-8"?>
<!-- Generated by org.testng.reporters.JUnitReportReporter -->
<testsuite hostname="DESKTOP-MOA5BMG" failures="0" tests="1" name="testng.Test0" time="0.020" errors="0" timestamp="2022-09-02T15:53:25 IST" skipped="0">
  <testcase classname="testng.Test0" name="tc1" time="0.020"/>
  <system-out>
    <![CDATA[Hello selenium
Hello java]]>
  </system-out>
</testsuite> <!-- testng.Test0 -->
