<?xml version="1.0" encoding="UTF-8"?>
<!-- Generated by org.testng.reporters.JUnitReportReporter -->
<testsuite hostname="DESKTOP-MOA5BMG" failures="0" tests="7" name="testng.Test2" time="0.016" errors="0" timestamp="2022-09-02T16:26:46 IST" skipped="0">
  <testcase classname="testng.Test2" name="settings" time="0.002"/>
  <system-out>
    <![CDATA[settings]]>
  </system-out>
  <testcase classname="testng.Test2" name="chats" time="0.009"/>
  <system-out>
    <![CDATA[chats]]>
  </system-out>
  <testcase classname="testng.Test2" name="calls" time="0.001"/>
  <system-out>
    <![CDATA[calls]]>
  </system-out>
  <testcase classname="testng.Test2" name="calls" time="0.001"/>
  <system-out>
    <![CDATA[calls]]>
  </system-out>
  <testcase classname="testng.Test2" name="calls" time="0.001"/>
  <system-out>
    <![CDATA[calls]]>
  </system-out>
  <testcase classname="testng.Test2" name="calls" time="0.001"/>
  <system-out>
    <![CDATA[calls]]>
  </system-out>
  <testcase classname="testng.Test2" name="calls" time="0.001"/>
  <system-out>
    <![CDATA[calls]]>
  </system-out>
</testsuite> <!-- testng.Test2 -->
